<?xml version="1.0" encoding="UTF-8"?>
<testsuite xmlns:xsi="http://www.w3.org/2001/XMLSchema-instance" xsi:noNamespaceSchemaLocation="https://maven.apache.org/surefire/maven-surefire-plugin/xsd/surefire-test-report-3.0.xsd" version="3.0" name="com.amazon.buspassmanagement.AppTest" time="0.532" tests="2" errors="0" skipped="0" failures="0">
  <properties>
[...]
</properties>
  <testcase name="testAdminLogin" classname="com.amazon.buspassmanagement.AppTest" time="0.516">
    <system-out><![CDATA[[DB] Driver Loaded Successfully....
[DB] Configured using File :)
[DB] Connection Created Successfully....
]]></system-out>
  </testcase>
  <testcase name="testUserLogin" classname="com.amazon.buspassmanagement.AppTest" time="0"/>
</testsuite>